Started GET "/" for 127.0.0.1 at 2017-06-07 12:35:46 +0200
Processing by Rails::WelcomeController#index as HTML
  Parameters: {"internal"=>true}
  Rendering /Users/steventadros/.rvm/gems/ruby-2.4.1/gems/railties-5.0.3/lib/rails/templates/rails/welcome/index.html.erb
  Rendered /Users/steventadros/.rvm/gems/ruby-2.4.1/gems/railties-5.0.3/lib/rails/templates/rails/welcome/index.html.erb (4.4ms)
Completed 200 OK in 25ms (Views: 11.7ms | ActiveRecord: 0.0ms)


Started GET "/" for 127.0.0.1 at 2017-06-07 12:46:54 +0200
Processing by PagesController#index as HTML
  Rendering pages/index.html.erb within layouts/application
  Rendered pages/index.html.erb within layouts/application (1.4ms)
Completed 200 OK in 778ms (Views: 765.6ms | ActiveRecord: 0.0ms)


Started GET "/explore" for 127.0.0.1 at 2017-06-07 12:47:04 +0200
  
ActionController::RoutingError (No route matches [GET] "/explore"):
  
actionpack (5.0.3) lib/action_dispatch/middleware/debug_exceptions.rb:53:in `call'
web-console (3.5.1) lib/web_console/middleware.rb:135:in `call_app'
web-console (3.5.1) lib/web_console/middleware.rb:28:in `block in call'
web-console (3.5.1) lib/web_console/middleware.rb:18:in `catch'
web-console (3.5.1) lib/web_console/middleware.rb:18:in `call'
actionpack (5.0.3) lib/action_dispatch/middleware/show_exceptions.rb:31:in `call'
railties (5.0.3) lib/rails/rack/logger.rb:36:in `call_app'
railties (5.0.3) lib/rails/rack/logger.rb:24:in `block in call'
activesupport (5.0.3) lib/active_support/tagged_logging.rb:69:in `block in tagged'
activesupport (5.0.3) lib/active_support/tagged_logging.rb:26:in `tagged'
activesupport (5.0.3) lib/active_support/tagged_logging.rb:69:in `tagged'
railties (5.0.3) lib/rails/rack/logger.rb:24:in `call'
sprockets-rails (3.2.0) lib/sprockets/rails/quiet_assets.rb:13:in `call'
actionpack (5.0.3) lib/action_dispatch/middleware/request_id.rb:24:in `call'
rack (2.0.3) lib/rack/method_override.rb:22:in `call'
rack (2.0.3) lib/rack/runtime.rb:22:in `call'
activesupport (5.0.3) lib/active_support/cache/strategy/local_cache_middleware.rb:28:in `call'
actionpack (5.0.3) lib/action_dispatch/middleware/executor.rb:12:in `call'
actionpack (5.0.3) lib/action_dispatch/middleware/static.rb:136:in `call'
rack (2.0.3) lib/rack/sendfile.rb:111:in `call'
railties (5.0.3) lib/rails/engine.rb:522:in `call'
puma (3.9.1) lib/puma/configuration.rb:224:in `call'
puma (3.9.1) lib/puma/server.rb:602:in `handle_request'
puma (3.9.1) lib/puma/server.rb:435:in `process_client'
puma (3.9.1) lib/puma/server.rb:299:in `block in run'
puma (3.9.1) lib/puma/thread_pool.rb:120:in `block in spawn_thread'
  Rendering /Users/steventadros/.rvm/gems/ruby-2.4.1/gems/actionpack-5.0.3/lib/action_dispatch/middleware/templates/rescues/routing_error.html.erb within rescues/layout
  Rendering /Users/steventadros/.rvm/gems/ruby-2.4.1/gems/actionpack-5.0.3/lib/action_dispatch/middleware/templates/rescues/_trace.html.erb
  Rendered /Users/steventadros/.rvm/gems/ruby-2.4.1/gems/actionpack-5.0.3/lib/action_dispatch/middleware/templates/rescues/_trace.html.erb (5.6ms)
  Rendered collection of /Users/steventadros/.rvm/gems/ruby-2.4.1/gems/actionpack-5.0.3/lib/action_dispatch/middleware/templates/routes/_route.html.erb [4 times] (13.0ms)
  Rendered /Users/steventadros/.rvm/gems/ruby-2.4.1/gems/actionpack-5.0.3/lib/action_dispatch/middleware/templates/routes/_table.html.erb (11.1ms)
  Rendering /Users/steventadros/.rvm/gems/ruby-2.4.1/gems/actionpack-5.0.3/lib/action_dispatch/middleware/templates/rescues/_request_and_response.html.erb
  Rendered /Users/steventadros/.rvm/gems/ruby-2.4.1/gems/actionpack-5.0.3/lib/action_dispatch/middleware/templates/rescues/_request_and_response.html.erb (1.4ms)
  Rendered /Users/steventadros/.rvm/gems/ruby-2.4.1/gems/actionpack-5.0.3/lib/action_dispatch/middleware/templates/rescues/routing_error.html.erb within rescues/layout (108.5ms)
Started GET "/pages/explore" for 127.0.0.1 at 2017-06-07 12:47:19 +0200
Processing by PagesController#explore as HTML
  Rendering pages/explore.html.erb within layouts/application
  Rendered pages/explore.html.erb within layouts/application (0.4ms)
Completed 200 OK in 19ms (Views: 16.2ms | ActiveRecord: 0.0ms)


Started GET "/home" for 127.0.0.1 at 2017-06-07 12:49:50 +0200
Processing by PagesController#home as HTML
  Rendering pages/home.html.erb within layouts/application
  Rendered pages/home.html.erb within layouts/application (1.7ms)
Completed 200 OK in 229ms (Views: 217.6ms | ActiveRecord: 0.0ms)


Started GET "/explore" for 127.0.0.1 at 2017-06-07 12:49:58 +0200
Processing by PagesController#explore as HTML
  Rendering pages/explore.html.erb within layouts/application
  Rendered pages/explore.html.erb within layouts/application (0.3ms)
Completed 200 OK in 17ms (Views: 15.0ms | ActiveRecord: 0.0ms)


Started GET "/explore" for 127.0.0.1 at 2017-06-07 13:15:05 +0200
Processing by PagesController#explore as HTML
  Rendering pages/explore.html.erb within layouts/application
  Rendered pages/explore.html.erb within layouts/application (2.0ms)
Completed 200 OK in 2929ms (Views: 2917.0ms | ActiveRecord: 0.0ms)


Started GET "/" for 127.0.0.1 at 2017-06-07 13:15:15 +0200
Processing by PagesController#index as HTML
  Rendering pages/index.html.erb within layouts/application
  Rendered pages/index.html.erb within layouts/application (0.7ms)
Completed 200 OK in 63ms (Views: 60.5ms | ActiveRecord: 0.0ms)


Started GET "/" for 127.0.0.1 at 2017-06-07 13:20:15 +0200
Processing by PagesController#index as HTML
  Rendering pages/index.html.erb within layouts/application
  Rendered pages/index.html.erb within layouts/application (0.3ms)
  Rendered layouts/_nav.html.erb (0.3ms)
Completed 200 OK in 59ms (Views: 55.0ms | ActiveRecord: 0.0ms)


Started GET "/" for 127.0.0.1 at 2017-06-07 13:23:54 +0200
Processing by PagesController#index as HTML
  Rendering pages/index.html.erb within layouts/application
  Rendered pages/index.html.erb within layouts/application (0.3ms)
  Rendered layouts/_nav.html.erb (0.3ms)
Completed 200 OK in 40ms (Views: 37.8ms | ActiveRecord: 0.0ms)


Started GET "/" for 127.0.0.1 at 2017-06-07 13:23:56 +0200
Processing by PagesController#index as HTML
  Rendering pages/index.html.erb within layouts/application
  Rendered pages/index.html.erb within layouts/application (0.4ms)
  Rendered layouts/_nav.html.erb (2.1ms)
Completed 200 OK in 43ms (Views: 39.2ms | ActiveRecord: 0.0ms)


Started GET "/" for 127.0.0.1 at 2017-06-07 13:23:57 +0200
Processing by PagesController#index as HTML
  Rendering pages/index.html.erb within layouts/application
  Rendered pages/index.html.erb within layouts/application (0.5ms)
  Rendered layouts/_nav.html.erb (0.3ms)
Completed 200 OK in 49ms (Views: 46.7ms | ActiveRecord: 0.0ms)


Started GET "/" for 127.0.0.1 at 2017-06-07 13:25:03 +0200
Processing by PagesController#index as HTML
  Rendering pages/index.html.erb within layouts/application
  Rendered pages/index.html.erb within layouts/application (0.3ms)
  Rendered layouts/_nav.html.erb (0.3ms)
Completed 200 OK in 39ms (Views: 37.0ms | ActiveRecord: 0.0ms)


Started GET "/" for 127.0.0.1 at 2017-06-07 13:28:42 +0200
Processing by PagesController#index as HTML
  Rendering pages/index.html.erb within layouts/application
  Rendered pages/index.html.erb within layouts/application (0.4ms)
  Rendered layouts/_nav.html.erb (0.3ms)
Completed 200 OK in 40ms (Views: 38.1ms | ActiveRecord: 0.0ms)


Started GET "/" for 127.0.0.1 at 2017-06-07 13:29:53 +0200
Processing by PagesController#index as HTML
  Rendering pages/index.html.erb within layouts/application
  Rendered pages/index.html.erb within layouts/application (0.3ms)
  Rendered layouts/_nav.html.erb (0.5ms)
Completed 200 OK in 40ms (Views: 38.5ms | ActiveRecord: 0.0ms)


Started GET "/" for 127.0.0.1 at 2017-06-07 13:36:22 +0200
Processing by PagesController#index as HTML
  Rendering pages/index.html.erb within layouts/application
  Rendered pages/index.html.erb within layouts/application (1.6ms)
  Rendered layouts/_nav.html.erb (0.5ms)
Completed 200 OK in 310ms (Views: 298.5ms | ActiveRecord: 0.0ms)


Started GET "/" for 127.0.0.1 at 2017-06-07 13:36:40 +0200
Processing by PagesController#index as HTML
  Rendering pages/index.html.erb within layouts/application
  Rendered pages/index.html.erb within layouts/application (0.3ms)
  Rendered layouts/_nav.html.erb (0.4ms)
Completed 200 OK in 37ms (Views: 35.8ms | ActiveRecord: 0.0ms)


Started GET "/home" for 127.0.0.1 at 2017-06-07 13:48:00 +0200
Processing by PagesController#home as HTML
  Rendering pages/home.html.erb within layouts/application
  Rendered pages/home.html.erb within layouts/application (0.4ms)
  Rendered layouts/_nav.html.erb (0.5ms)
Completed 200 OK in 42ms (Views: 39.8ms | ActiveRecord: 0.0ms)


Started GET "/home" for 127.0.0.1 at 2017-06-07 13:48:14 +0200
Processing by PagesController#home as HTML
  Rendering pages/home.html.erb within layouts/application
  Rendered pages/home.html.erb within layouts/application (0.4ms)
  Rendered layouts/_nav.html.erb (0.4ms)
Completed 200 OK in 44ms (Views: 42.2ms | ActiveRecord: 0.0ms)


Started GET "/home" for 127.0.0.1 at 2017-06-07 13:52:23 +0200
Processing by PagesController#home as HTML
  Rendering pages/home.html.erb within layouts/application
  Rendered pages/home.html.erb within layouts/application (0.3ms)
  Rendered layouts/_nav.html.erb (0.3ms)
Completed 200 OK in 42ms (Views: 40.3ms | ActiveRecord: 0.0ms)


Started GET "/profile" for 127.0.0.1 at 2017-06-07 13:54:25 +0200
Processing by PagesController#profile as HTML
  Rendering pages/profile.html.erb within layouts/application
  Rendered pages/profile.html.erb within layouts/application (0.4ms)
  Rendered layouts/_nav.html.erb (0.3ms)
Completed 200 OK in 42ms (Views: 38.6ms | ActiveRecord: 0.0ms)


Started GET "/profile" for 127.0.0.1 at 2017-06-07 13:54:34 +0200
Processing by PagesController#profile as HTML
  Rendering pages/profile.html.erb within layouts/application
  Rendered pages/profile.html.erb within layouts/application (0.3ms)
  Rendered layouts/_nav.html.erb (0.3ms)
Completed 200 OK in 37ms (Views: 34.8ms | ActiveRecord: 0.0ms)


Started GET "/profile" for 127.0.0.1 at 2017-06-07 13:57:53 +0200
Processing by PagesController#profile as HTML
  Rendering pages/profile.html.erb within layouts/application
  Rendered pages/profile.html.erb within layouts/application (0.5ms)
  Rendered layouts/_nav.html.erb (0.4ms)
Completed 200 OK in 45ms (Views: 43.3ms | ActiveRecord: 0.0ms)


Started GET "/profile" for 127.0.0.1 at 2017-06-07 14:00:15 +0200
Processing by PagesController#profile as HTML
  Rendering pages/profile.html.erb within layouts/application
  Rendered pages/profile.html.erb within layouts/application (0.3ms)
  Rendered layouts/_nav.html.erb (0.3ms)
Completed 200 OK in 36ms (Views: 34.7ms | ActiveRecord: 0.0ms)


Started GET "/profile" for 127.0.0.1 at 2017-06-07 14:03:06 +0200
Processing by PagesController#profile as HTML
  Rendering pages/profile.html.erb within layouts/application
  Rendered pages/profile.html.erb within layouts/application (0.4ms)
  Rendered layouts/_nav.html.erb (0.3ms)
Completed 200 OK in 39ms (Views: 37.0ms | ActiveRecord: 0.0ms)


Started GET "/" for 127.0.0.1 at 2017-06-07 14:03:12 +0200
Processing by PagesController#index as HTML
  Rendering pages/index.html.erb within layouts/application
  Rendered pages/index.html.erb within layouts/application (0.4ms)
  Rendered layouts/_nav.html.erb (0.4ms)
Completed 200 OK in 40ms (Views: 37.4ms | ActiveRecord: 0.0ms)


Started GET "/home" for 127.0.0.1 at 2017-06-07 14:03:15 +0200
Processing by PagesController#home as HTML
  Rendering pages/home.html.erb within layouts/application
  Rendered pages/home.html.erb within layouts/application (0.5ms)
  Rendered layouts/_nav.html.erb (0.3ms)
Completed 200 OK in 43ms (Views: 41.5ms | ActiveRecord: 0.0ms)


Started GET "/profile" for 127.0.0.1 at 2017-06-07 14:03:20 +0200
Processing by PagesController#profile as HTML
  Rendering pages/profile.html.erb within layouts/application
  Rendered pages/profile.html.erb within layouts/application (0.3ms)
  Rendered layouts/_nav.html.erb (0.4ms)
Completed 200 OK in 47ms (Views: 42.6ms | ActiveRecord: 0.0ms)


